Command line invocation:
    /Applications/Xcode.app/Contents/Developer/usr/bin/xcodebuild -project AirPosture.xcodeproj -scheme AirPosture -destination "generic/platform=iOS Simulator" clean build

2026-02-17 21:30:07.192 xcodebuild[4487:2772064] [MT] IDERunDestination: Supported platforms for the buildables in the current scheme is empty.
CreateBuildRequest

SendProjectDescription

CreateBuildOperation

** CLEAN SUCCEEDED **

ComputePackagePrebuildTargetDependencyGraph

Prepare packages

CreateBuildRequest

SendProjectDescription

CreateBuildOperation

ComputeTargetDependencyGraph
note: Building targets in dependency order
note: Target dependency graph (1 target)
    Target 'AirPosture' in project 'AirPosture' (no dependencies)

GatherProvisioningInputs

CreateBuildDescription

ExecuteExternalTool /Applications/Xcode.app/Contents/Developer/Toolchains/XcodeDefault.xctoolchain/usr/bin/clang -v -E -dM -isysroot /Applications/Xcode.app/Contents/Developer/Platforms/iPhoneSimulator.platform/Developer/SDKs/iPhoneSimulator26.2.sdk -x c -c /dev/null

ExecuteExternalTool /Applications/Xcode.app/Contents/Developer/Toolchains/XcodeDefault.xctoolchain/usr/bin/swiftc --version

ExecuteExternalTool /Applications/Xcode.app/Contents/Developer/Toolchains/XcodeDefault.xctoolchain/usr/bin/ld -version_details

Build description signature: 8bcf395b2efea9f34b8bdc108b669dda
Build description path: /Users/keno/Library/Developer/Xcode/DerivedData/AirPosture-hblucrykakncqfdzfjlzswinkxaj/Build/Intermediates.noindex/XCBuildData/8bcf395b2efea9f34b8bdc108b669dda.xcbuilddata
ClangStatCache /Applications/Xcode.app/Contents/Developer/Toolchains/XcodeDefault.xctoolchain/usr/bin/clang-stat-cache /Applications/Xcode.app/Contents/Developer/Platforms/iPhoneSimulator.platform/Developer/SDKs/iPhoneSimulator26.2.sdk /Users/keno/Library/Developer/Xcode/DerivedData/SDKStatCaches.noindex/iphonesimulator26.2-23C53-7d00a8b37fbd7999ea79df8ebc024bf0.sdkstatcache
    cd /Users/keno/Desktop/test/AirPosture/AirPosture.xcodeproj
    /Applications/Xcode.app/Contents/Developer/Toolchains/XcodeDefault.xctoolchain/usr/bin/clang-stat-cache /Applications/Xcode.app/Contents/Developer/Platforms/iPhoneSimulator.platform/Developer/SDKs/iPhoneSimulator26.2.sdk -o /Users/keno/Library/Developer/Xcode/DerivedData/SDKStatCaches.noindex/iphonesimulator26.2-23C53-7d00a8b37fbd7999ea79df8ebc024bf0.sdkstatcache

CreateBuildDirectory /Users/keno/Library/Developer/Xcode/DerivedData/AirPosture-hblucrykakncqfdzfjlzswinkxaj/Build/Products
    cd /Users/keno/Desktop/test/AirPosture/AirPosture.xcodeproj
    builtin-create-build-directory /Users/keno/Library/Developer/Xcode/DerivedData/AirPosture-hblucrykakncqfdzfjlzswinkxaj/Build/Products

CreateBuildDirectory /Users/keno/Library/Developer/Xcode/DerivedData/AirPosture-hblucrykakncqfdzfjlzswinkxaj/Build/Intermediates.noindex
    cd /Users/keno/Desktop/test/AirPosture/AirPosture.xcodeproj
    builtin-create-build-directory /Users/keno/Library/Developer/Xcode/DerivedData/AirPosture-hblucrykakncqfdzfjlzswinkxaj/Build/Intermediates.noindex

CreateBuildDirectory /Users/keno/Library/Developer/Xcode/DerivedData/AirPosture-hblucrykakncqfdzfjlzswinkxaj/Build/Intermediates.noindex/ExplicitPrecompiledModules
    cd /Users/keno/Desktop/test/AirPosture/AirPosture.xcodeproj
    builtin-create-build-directory /Users/keno/Library/Developer/Xcode/DerivedData/AirPosture-hblucrykakncqfdzfjlzswinkxaj/Build/Intermediates.noindex/ExplicitPrecompiledModules

CreateBuildDirectory /Users/keno/Library/Developer/Xcode/DerivedData/AirPosture-hblucrykakncqfdzfjlzswinkxaj/Build/Intermediates.noindex/SwiftExplicitPrecompiledModules
    cd /Users/keno/Desktop/test/AirPosture/AirPosture.xcodeproj
    builtin-create-build-directory /Users/keno/Library/Developer/Xcode/DerivedData/AirPosture-hblucrykakncqfdzfjlzswinkxaj/Build/Intermediates.noindex/SwiftExplicitPrecompiledModules

CreateBuildDirectory /Users/keno/Library/Developer/Xcode/DerivedData/AirPosture-hblucrykakncqfdzfjlzswinkxaj/Build/Intermediates.noindex/EagerLinkingTBDs/Debug-iphonesimulator
    cd /Users/keno/Desktop/test/AirPosture/AirPosture.xcodeproj
    builtin-create-build-directory /Users/keno/Library/Developer/Xcode/DerivedData/AirPosture-hblucrykakncqfdzfjlzswinkxaj/Build/Intermediates.noindex/EagerLinkingTBDs/Debug-iphonesimulator

WriteAuxiliaryFile /Users/keno/Library/Developer/Xcode/DerivedData/AirPosture-hblucrykakncqfdzfjlzswinkxaj/Build/Intermediates.noindex/AirPosture.build/Debug-iphonesimulator/AirPosture-5dbd48e87cb6e3fd24c387bca56e9e4c-VFS-iphonesimulator/all-product-headers.yaml
    cd /Users/keno/Desktop/test/AirPosture/AirPosture.xcodeproj
    write-file /Users/keno/Library/Developer/Xcode/DerivedData/AirPosture-hblucrykakncqfdzfjlzswinkxaj/Build/Intermediates.noindex/AirPosture.build/Debug-iphonesimulator/AirPosture-5dbd48e87cb6e3fd24c387bca56e9e4c-VFS-iphonesimulator/all-product-headers.yaml

CreateBuildDirectory /Users/keno/Library/Developer/Xcode/DerivedData/AirPosture-hblucrykakncqfdzfjlzswinkxaj/Build/Products/Debug-iphonesimulator
    cd /Users/keno/Desktop/test/AirPosture/AirPosture.xcodeproj
    builtin-create-build-directory /Users/keno/Library/Developer/Xcode/DerivedData/AirPosture-hblucrykakncqfdzfjlzswinkxaj/Build/Products/Debug-iphonesimulator

WriteAuxiliaryFile /Users/keno/Library/Developer/Xcode/DerivedData/AirPosture-hblucrykakncqfdzfjlzswinkxaj/Build/Intermediates.noindex/AirPosture.build/Debug-iphonesimulator/AirPosture.build/Objects-normal/x86_64/AirPosture.SwiftFileList (in target 'AirPosture' from project 'AirPosture')
    cd /Users/keno/Desktop/test/AirPosture
    write-file /Users/keno/Library/Developer/Xcode/DerivedData/AirPosture-hblucrykakncqfdzfjlzswinkxaj/Build/Intermediates.noindex/AirPosture.build/Debug-iphonesimulator/AirPosture.build/Objects-normal/x86_64/AirPosture.SwiftFileList

WriteAuxiliaryFile /Users/keno/Library/Developer/Xcode/DerivedData/AirPosture-hblucrykakncqfdzfjlzswinkxaj/Build/Intermediates.noindex/AirPosture.build/Debug-iphonesimulator/AirPosture.build/Objects-normal/arm64/AirPosture.SwiftFileList (in target 'AirPosture' from project 'AirPosture')
    cd /Users/keno/Desktop/test/AirPosture
    write-file /Users/keno/Library/Developer/Xcode/DerivedData/AirPosture-hblucrykakncqfdzfjlzswinkxaj/Build/Intermediates.noindex/AirPosture.build/Debug-iphonesimulator/AirPosture.build/Objects-normal/arm64/AirPosture.SwiftFileList

WriteAuxiliaryFile /Users/keno/Library/Developer/Xcode/DerivedData/AirPosture-hblucrykakncqfdzfjlzswinkxaj/Build/Intermediates.noindex/AirPosture.build/Debug-iphonesimulator/AirPosture.build/Objects-normal/x86_64/AirPosture-OutputFileMap.json (in target 'AirPosture' from project 'AirPosture')
    cd /Users/keno/Desktop/test/AirPosture
    write-file /Users/keno/Library/Developer/Xcode/DerivedData/AirPosture-hblucrykakncqfdzfjlzswinkxaj/Build/Intermediates.noindex/AirPosture.build/Debug-iphonesimulator/AirPosture.build/Objects-normal/x86_64/AirPosture-OutputFileMap.json

WriteAuxiliaryFile /Users/keno/Library/Developer/Xcode/DerivedData/AirPosture-hblucrykakncqfdzfjlzswinkxaj/Build/Intermediates.noindex/AirPosture.build/Debug-iphonesimulator/AirPosture.build/Objects-normal/x86_64/AirPosture.SwiftConstValuesFileList (in target 'AirPosture' from project 'AirPosture')
    cd /Users/keno/Desktop/test/AirPosture
    write-file /Users/keno/Library/Developer/Xcode/DerivedData/AirPosture-hblucrykakncqfdzfjlzswinkxaj/Build/Intermediates.noindex/AirPosture.build/Debug-iphonesimulator/AirPosture.build/Objects-normal/x86_64/AirPosture.SwiftConstValuesFileList

WriteAuxiliaryFile /Users/keno/Library/Developer/Xcode/DerivedData/AirPosture-hblucrykakncqfdzfjlzswinkxaj/Build/Intermediates.noindex/AirPosture.build/Debug-iphonesimulator/AirPosture.build/AirPosture.hmap (in target 'AirPosture' from project 'AirPosture')
    cd /Users/keno/Desktop/test/AirPosture
    write-file /Users/keno/Library/Developer/Xcode/DerivedData/AirPosture-hblucrykakncqfdzfjlzswinkxaj/Build/Intermediates.noindex/AirPosture.build/Debug-iphonesimulator/AirPosture.build/AirPosture.hmap

WriteAuxiliaryFile /Users/keno/Library/Developer/Xcode/DerivedData/AirPosture-hblucrykakncqfdzfjlzswinkxaj/Build/Intermediates.noindex/AirPosture.build/Debug-iphonesimulator/AirPosture.build/Objects-normal/arm64/AirPosture-OutputFileMap.json (in target 'AirPosture' from project 'AirPosture')
    cd /Users/keno/Desktop/test/AirPosture
    write-file /Users/keno/Library/Developer/Xcode/DerivedData/AirPosture-hblucrykakncqfdzfjlzswinkxaj/Build/Intermediates.noindex/AirPosture.build/Debug-iphonesimulator/AirPosture.build/Objects-normal/arm64/AirPosture-OutputFileMap.json

WriteAuxiliaryFile /Users/keno/Library/Developer/Xcode/DerivedData/AirPosture-hblucrykakncqfdzfjlzswinkxaj/Build/Intermediates.noindex/AirPosture.build/Debug-iphonesimulator/AirPosture.build/Objects-normal/arm64/AirPosture.SwiftConstValuesFileList (in target 'AirPosture' from project 'AirPosture')
    cd /Users/keno/Desktop/test/AirPosture
    write-file /Users/keno/Library/Developer/Xcode/DerivedData/AirPosture-hblucrykakncqfdzfjlzswinkxaj/Build/Intermediates.noindex/AirPosture.build/Debug-iphonesimulator/AirPosture.build/Objects-normal/arm64/AirPosture.SwiftConstValuesFileList

WriteAuxiliaryFile /Users/keno/Library/Developer/Xcode/DerivedData/AirPosture-hblucrykakncqfdzfjlzswinkxaj/Build/Intermediates.noindex/AirPosture.build/Debug-iphonesimulator/AirPosture.build/Objects-normal/x86_64/AirPosture.LinkFileList (in target 'AirPosture' from project 'AirPosture')
    cd /Users/keno/Desktop/test/AirPosture
    write-file /Users/keno/Library/Developer/Xcode/DerivedData/AirPosture-hblucrykakncqfdzfjlzswinkxaj/Build/Intermediates.noindex/AirPosture.build/Debug-iphonesimulator/AirPosture.build/Objects-normal/x86_64/AirPosture.LinkFileList

WriteAuxiliaryFile /Users/keno/Library/Developer/Xcode/DerivedData/AirPosture-hblucrykakncqfdzfjlzswinkxaj/Build/Intermediates.noindex/AirPosture.build/Debug-iphonesimulator/AirPosture.build/Objects-normal/x86_64/AirPosture_const_extract_protocols.json (in target 'AirPosture' from project 'AirPosture')
    cd /Users/keno/Desktop/test/AirPosture
    write-file /Users/keno/Library/Developer/Xcode/DerivedData/AirPosture-hblucrykakncqfdzfjlzswinkxaj/Build/Intermediates.noindex/AirPosture.build/Debug-iphonesimulator/AirPosture.build/Objects-normal/x86_64/AirPosture_const_extract_protocols.json

WriteAuxiliaryFile /Users/keno/Library/Developer/Xcode/DerivedData/AirPosture-hblucrykakncqfdzfjlzswinkxaj/Build/Intermediates.noindex/AirPosture.build/Debug-iphonesimulator/AirPosture.build/Objects-normal/arm64/AirPosture_const_extract_protocols.json (in target 'AirPosture' from project 'AirPosture')
    cd /Users/keno/Desktop/test/AirPosture
    write-file /Users/keno/Library/Developer/Xcode/DerivedData/AirPosture-hblucrykakncqfdzfjlzswinkxaj/Build/Intermediates.noindex/AirPosture.build/Debug-iphonesimulator/AirPosture.build/Objects-normal/arm64/AirPosture_const_extract_protocols.json

WriteAuxiliaryFile /Users/keno/Library/Developer/Xcode/DerivedData/AirPosture-hblucrykakncqfdzfjlzswinkxaj/Build/Intermediates.noindex/AirPosture.build/Debug-iphonesimulator/AirPosture.build/AirPosture.DependencyStaticMetadataFileList (in target 'AirPosture' from project 'AirPosture')
    cd /Users/keno/Desktop/test/AirPosture
    write-file /Users/keno/Library/Developer/Xcode/DerivedData/AirPosture-hblucrykakncqfdzfjlzswinkxaj/Build/Intermediates.noindex/AirPosture.build/Debug-iphonesimulator/AirPosture.build/AirPosture.DependencyStaticMetadataFileList

WriteAuxiliaryFile /Users/keno/Library/Developer/Xcode/DerivedData/AirPosture-hblucrykakncqfdzfjlzswinkxaj/Build/Intermediates.noindex/AirPosture.build/Debug-iphonesimulator/AirPosture.build/Objects-normal/arm64/AirPosture.LinkFileList (in target 'AirPosture' from project 'AirPosture')
    cd /Users/keno/Desktop/test/AirPosture
    write-file /Users/keno/Library/Developer/Xcode/DerivedData/AirPosture-hblucrykakncqfdzfjlzswinkxaj/Build/Intermediates.noindex/AirPosture.build/Debug-iphonesimulator/AirPosture.build/Objects-normal/arm64/AirPosture.LinkFileList

WriteAuxiliaryFile /Users/keno/Library/Developer/Xcode/DerivedData/AirPosture-hblucrykakncqfdzfjlzswinkxaj/Build/Intermediates.noindex/AirPosture.build/Debug-iphonesimulator/AirPosture.build/DerivedSources/Entitlements-Simulated.plist (in target 'AirPosture' from project 'AirPosture')
    cd /Users/keno/Desktop/test/AirPosture
    write-file /Users/keno/Library/Developer/Xcode/DerivedData/AirPosture-hblucrykakncqfdzfjlzswinkxaj/Build/Intermediates.noindex/AirPosture.build/Debug-iphonesimulator/AirPosture.build/DerivedSources/Entitlements-Simulated.plist

WriteAuxiliaryFile /Users/keno/Library/Developer/Xcode/DerivedData/AirPosture-hblucrykakncqfdzfjlzswinkxaj/Build/Intermediates.noindex/AirPosture.build/Debug-iphonesimulator/AirPosture.build/AirPosture-project-headers.hmap (in target 'AirPosture' from project 'AirPosture')
    cd /Users/keno/Desktop/test/AirPosture
    write-file /Users/keno/Library/Developer/Xcode/DerivedData/AirPosture-hblucrykakncqfdzfjlzswinkxaj/Build/Intermediates.noindex/AirPosture.build/Debug-iphonesimulator/AirPosture.build/AirPosture-project-headers.hmap

WriteAuxiliaryFile /Users/keno/Library/Developer/Xcode/DerivedData/AirPosture-hblucrykakncqfdzfjlzswinkxaj/Build/Intermediates.noindex/AirPosture.build/Debug-iphonesimulator/AirPosture.build/AirPosture.DependencyMetadataFileList (in target 'AirPosture' from project 'AirPosture')
    cd /Users/keno/Desktop/test/AirPosture
    write-file /Users/keno/Library/Developer/Xcode/DerivedData/AirPosture-hblucrykakncqfdzfjlzswinkxaj/Build/Intermediates.noindex/AirPosture.build/Debug-iphonesimulator/AirPosture.build/AirPosture.DependencyMetadataFileList

WriteAuxiliaryFile /Users/keno/Library/Developer/Xcode/DerivedData/AirPosture-hblucrykakncqfdzfjlzswinkxaj/Build/Intermediates.noindex/AirPosture.build/Debug-iphonesimulator/AirPosture.build/AirPosture-own-target-headers.hmap (in target 'AirPosture' from project 'AirPosture')
    cd /Users/keno/Desktop/test/AirPosture
    write-file /Users/keno/Library/Developer/Xcode/DerivedData/AirPosture-hblucrykakncqfdzfjlzswinkxaj/Build/Intermediates.noindex/AirPosture.build/Debug-iphonesimulator/AirPosture.build/AirPosture-own-target-headers.hmap

WriteAuxiliaryFile /Users/keno/Library/Developer/Xcode/DerivedData/AirPosture-hblucrykakncqfdzfjlzswinkxaj/Build/Intermediates.noindex/AirPosture.build/Debug-iphonesimulator/AirPosture.build/AirPosture-generated-files.hmap (in target 'AirPosture' from project 'AirPosture')
    cd /Users/keno/Desktop/test/AirPosture
    write-file /Users/keno/Library/Developer/Xcode/DerivedData/AirPosture-hblucrykakncqfdzfjlzswinkxaj/Build/Intermediates.noindex/AirPosture.build/Debug-iphonesimulator/AirPosture.build/AirPosture-generated-files.hmap

WriteAuxiliaryFile /Users/keno/Library/Developer/Xcode/DerivedData/AirPosture-hblucrykakncqfdzfjlzswinkxaj/Build/Intermediates.noindex/AirPosture.build/Debug-iphonesimulator/AirPosture.build/AirPosture-all-target-headers.hmap (in target 'AirPosture' from project 'AirPosture')
    cd /Users/keno/Desktop/test/AirPosture
    write-file /Users/keno/Library/Developer/Xcode/DerivedData/AirPosture-hblucrykakncqfdzfjlzswinkxaj/Build/Intermediates.noindex/AirPosture.build/Debug-iphonesimulator/AirPosture.build/AirPosture-all-target-headers.hmap

WriteAuxiliaryFile /Users/keno/Library/Developer/Xcode/DerivedData/AirPosture-hblucrykakncqfdzfjlzswinkxaj/Build/Intermediates.noindex/AirPosture.build/Debug-iphonesimulator/AirPosture.build/AirPosture-all-non-framework-target-headers.hmap (in target 'AirPosture' from project 'AirPosture')
    cd /Users/keno/Desktop/test/AirPosture
    write-file /Users/keno/Library/Developer/Xcode/DerivedData/AirPosture-hblucrykakncqfdzfjlzswinkxaj/Build/Intermediates.noindex/AirPosture.build/Debug-iphonesimulator/AirPosture.build/AirPosture-all-non-framework-target-headers.hmap

WriteAuxiliaryFile /Users/keno/Library/Developer/Xcode/DerivedData/AirPosture-hblucrykakncqfdzfjlzswinkxaj/Build/Intermediates.noindex/AirPosture.build/Debug-iphonesimulator/AirPosture.build/AirPosture-DebugDylibPath-normal-x86_64.txt (in target 'AirPosture' from project 'AirPosture')
    cd /Users/keno/Desktop/test/AirPosture
    write-file /Users/keno/Library/Developer/Xcode/DerivedData/AirPosture-hblucrykakncqfdzfjlzswinkxaj/Build/Intermediates.noindex/AirPosture.build/Debug-iphonesimulator/AirPosture.build/AirPosture-DebugDylibPath-normal-x86_64.txt

WriteAuxiliaryFile /Users/keno/Library/Developer/Xcode/DerivedData/AirPosture-hblucrykakncqfdzfjlzswinkxaj/Build/Intermediates.noindex/AirPosture.build/Debug-iphonesimulator/AirPosture.build/AirPosture-DebugDylibPath-normal-arm64.txt (in target 'AirPosture' from project 'AirPosture')
    cd /Users/keno/Desktop/test/AirPosture
    write-file /Users/keno/Library/Developer/Xcode/DerivedData/AirPosture-hblucrykakncqfdzfjlzswinkxaj/Build/Intermediates.noindex/AirPosture.build/Debug-iphonesimulator/AirPosture.build/AirPosture-DebugDylibPath-normal-arm64.txt

WriteAuxiliaryFile /Users/keno/Library/Developer/Xcode/DerivedData/AirPosture-hblucrykakncqfdzfjlzswinkxaj/Build/Intermediates.noindex/AirPosture.build/Debug-iphonesimulator/AirPosture.build/AirPosture-DebugDylibInstallName-normal-x86_64.txt (in target 'AirPosture' from project 'AirPosture')
    cd /Users/keno/Desktop/test/AirPosture
    write-file /Users/keno/Library/Developer/Xcode/DerivedData/AirPosture-hblucrykakncqfdzfjlzswinkxaj/Build/Intermediates.noindex/AirPosture.build/Debug-iphonesimulator/AirPosture.build/AirPosture-DebugDylibInstallName-normal-x86_64.txt

WriteAuxiliaryFile /Users/keno/Library/Developer/Xcode/DerivedData/AirPosture-hblucrykakncqfdzfjlzswinkxaj/Build/Intermediates.noindex/AirPosture.build/Debug-iphonesimulator/AirPosture.build/AirPosture-DebugDylibInstallName-normal-arm64.txt (in target 'AirPosture' from project 'AirPosture')
    cd /Users/keno/Desktop/test/AirPosture
    write-file /Users/keno/Library/Developer/Xcode/DerivedData/AirPosture-hblucrykakncqfdzfjlzswinkxaj/Build/Intermediates.noindex/AirPosture.build/Debug-iphonesimulator/AirPosture.build/AirPosture-DebugDylibInstallName-normal-arm64.txt

MkDir /Users/keno/Library/Developer/Xcode/DerivedData/AirPosture-hblucrykakncqfdzfjlzswinkxaj/Build/Products/Debug-iphonesimulator/AirPosture.app (in target 'AirPosture' from project 'AirPosture')
    cd /Users/keno/Desktop/test/AirPosture
    /bin/mkdir -p /Users/keno/Library/Developer/Xcode/DerivedData/AirPosture-hblucrykakncqfdzfjlzswinkxaj/Build/Products/Debug-iphonesimulator/AirPosture.app

ProcessProductPackaging "" /Users/keno/Library/Developer/Xcode/DerivedData/AirPosture-hblucrykakncqfdzfjlzswinkxaj/Build/Intermediates.noindex/AirPosture.build/Debug-iphonesimulator/AirPosture.build/AirPosture.app-Simulated.xcent (in target 'AirPosture' from project 'AirPosture')
    cd /Users/keno/Desktop/test/AirPosture
    
    Entitlements:
    
    {
    "application-identifier" = "3PN5MFDGXX.com.example.AirPosture";
}
    
    builtin-productPackagingUtility -entitlements -format xml -o /Users/keno/Library/Developer/Xcode/DerivedData/AirPosture-hblucrykakncqfdzfjlzswinkxaj/Build/Intermediates.noindex/AirPosture.build/Debug-iphonesimulator/AirPosture.build/AirPosture.app-Simulated.xcent

ProcessProductPackagingDER /Users/keno/Library/Developer/Xcode/DerivedData/AirPosture-hblucrykakncqfdzfjlzswinkxaj/Build/Intermediates.noindex/AirPosture.build/Debug-iphonesimulator/AirPosture.build/AirPosture.app-Simulated.xcent /Users/keno/Library/Developer/Xcode/DerivedData/AirPosture-hblucrykakncqfdzfjlzswinkxaj/Build/Intermediates.noindex/AirPosture.build/Debug-iphonesimulator/AirPosture.build/AirPosture.app-Simulated.xcent.der (in target 'AirPosture' from project 'AirPosture')
    cd /Users/keno/Desktop/test/AirPosture
    /usr/bin/derq query -f xml -i /Users/keno/Library/Developer/Xcode/DerivedData/AirPosture-hblucrykakncqfdzfjlzswinkxaj/Build/Intermediates.noindex/AirPosture.build/Debug-iphonesimulator/AirPosture.build/AirPosture.app-Simulated.xcent -o /Users/keno/Library/Developer/Xcode/DerivedData/AirPosture-hblucrykakncqfdzfjlzswinkxaj/Build/Intermediates.noindex/AirPosture.build/Debug-iphonesimulator/AirPosture.build/AirPosture.app-Simulated.xcent.der --raw

ProcessInfoPlistFile /Users/keno/Library/Developer/Xcode/DerivedData/AirPosture-hblucrykakncqfdzfjlzswinkxaj/Build/Products/Debug-iphonesimulator/AirPosture.app/Info.plist /Users/keno/Desktop/test/AirPosture/AirPosture/Info.plist (in target 'AirPosture' from project 'AirPosture')
    cd /Users/keno/Desktop/test/AirPosture
    builtin-infoPlistUtility /Users/keno/Desktop/test/AirPosture/AirPosture/Info.plist -producttype com.apple.product-type.application -genpkginfo /Users/keno/Library/Developer/Xcode/DerivedData/AirPosture-hblucrykakncqfdzfjlzswinkxaj/Build/Products/Debug-iphonesimulator/AirPosture.app/PkgInfo -expandbuildsettings -format binary -platform iphonesimulator -o /Users/keno/Library/Developer/Xcode/DerivedData/AirPosture-hblucrykakncqfdzfjlzswinkxaj/Build/Products/Debug-iphonesimulator/AirPosture.app/Info.plist

Ld /Users/keno/Library/Developer/Xcode/DerivedData/AirPosture-hblucrykakncqfdzfjlzswinkxaj/Build/Intermediates.noindex/AirPosture.build/Debug-iphonesimulator/AirPosture.build/Objects-normal/arm64/Binary/__preview.dylib normal arm64 (in target 'AirPosture' from project 'AirPosture')
    cd /Users/keno/Desktop/test/AirPosture
    /Applications/Xcode.app/Contents/Developer/Toolchains/XcodeDefault.xctoolchain/usr/bin/clang -Xlinker -reproducible -target arm64-apple-ios15.0-simulator -dynamiclib -isysroot /Applications/Xcode.app/Contents/Developer/Platforms/iPhoneSimulator.platform/Developer/SDKs/iPhoneSimulator26.2.sdk -O0 -L/Users/keno/Library/Developer/Xcode/DerivedData/AirPosture-hblucrykakncqfdzfjlzswinkxaj/Build/Products/Debug-iphonesimulator -F/Users/keno/Library/Developer/Xcode/DerivedData/AirPosture-hblucrykakncqfdzfjlzswinkxaj/Build/Products/Debug-iphonesimulator -install_name @rpath/AirPosture.debug.dylib -dead_strip -rdynamic -Xlinker -no_deduplicate -Xlinker -objc_abi_version -Xlinker 2 -Xlinker -dependency_info -Xlinker /Users/keno/Library/Developer/Xcode/DerivedData/AirPosture-hblucrykakncqfdzfjlzswinkxaj/Build/Intermediates.noindex/AirPosture.build/Debug-iphonesimulator/AirPosture.build/Objects-normal/arm64/AirPosture_dependency_info.dat -Xlinker -sectcreate -Xlinker __TEXT -Xlinker __entitlements -Xlinker /Users/keno/Library/Developer/Xcode/DerivedData/AirPosture-hblucrykakncqfdzfjlzswinkxaj/Build/Intermediates.noindex/AirPosture.build/Debug-iphonesimulator/AirPosture.build/AirPosture.app-Simulated.xcent -Xlinker -sectcreate -Xlinker __TEXT -Xlinker __ents_der -Xlinker /Users/keno/Library/Developer/Xcode/DerivedData/AirPosture-hblucrykakncqfdzfjlzswinkxaj/Build/Intermediates.noindex/AirPosture.build/Debug-iphonesimulator/AirPosture.build/AirPosture.app-Simulated.xcent.der -Xlinker -no_adhoc_codesign -o /Users/keno/Library/Developer/Xcode/DerivedData/AirPosture-hblucrykakncqfdzfjlzswinkxaj/Build/Intermediates.noindex/AirPosture.build/Debug-iphonesimulator/AirPosture.build/Objects-normal/arm64/Binary/__preview.dylib

Ld /Users/keno/Library/Developer/Xcode/DerivedData/AirPosture-hblucrykakncqfdzfjlzswinkxaj/Build/Intermediates.noindex/AirPosture.build/Debug-iphonesimulator/AirPosture.build/Objects-normal/x86_64/Binary/__preview.dylib normal x86_64 (in target 'AirPosture' from project 'AirPosture')
    cd /Users/keno/Desktop/test/AirPosture
    /Applications/Xcode.app/Contents/Developer/Toolchains/XcodeDefault.xctoolchain/usr/bin/clang -Xlinker -reproducible -target x86_64-apple-ios15.0-simulator -dynamiclib -isysroot /Applications/Xcode.app/Contents/Developer/Platforms/iPhoneSimulator.platform/Developer/SDKs/iPhoneSimulator26.2.sdk -O0 -L/Users/keno/Library/Developer/Xcode/DerivedData/AirPosture-hblucrykakncqfdzfjlzswinkxaj/Build/Products/Debug-iphonesimulator -F/Users/keno/Library/Developer/Xcode/DerivedData/AirPosture-hblucrykakncqfdzfjlzswinkxaj/Build/Products/Debug-iphonesimulator -install_name @rpath/AirPosture.debug.dylib -dead_strip -rdynamic -Xlinker -no_deduplicate -Xlinker -objc_abi_version -Xlinker 2 -Xlinker -dependency_info -Xlinker /Users/keno/Library/Developer/Xcode/DerivedData/AirPosture-hblucrykakncqfdzfjlzswinkxaj/Build/Intermediates.noindex/AirPosture.build/Debug-iphonesimulator/AirPosture.build/Objects-normal/x86_64/AirPosture_dependency_info.dat -Xlinker -sectcreate -Xlinker __TEXT -Xlinker __entitlements -Xlinker /Users/keno/Library/Developer/Xcode/DerivedData/AirPosture-hblucrykakncqfdzfjlzswinkxaj/Build/Intermediates.noindex/AirPosture.build/Debug-iphonesimulator/AirPosture.build/AirPosture.app-Simulated.xcent -Xlinker -sectcreate -Xlinker __TEXT -Xlinker __ents_der -Xlinker /Users/keno/Library/Developer/Xcode/DerivedData/AirPosture-hblucrykakncqfdzfjlzswinkxaj/Build/Intermediates.noindex/AirPosture.build/Debug-iphonesimulator/AirPosture.build/AirPosture.app-Simulated.xcent.der -Xlinker -no_adhoc_codesign -o /Users/keno/Library/Developer/Xcode/DerivedData/AirPosture-hblucrykakncqfdzfjlzswinkxaj/Build/Intermediates.noindex/AirPosture.build/Debug-iphonesimulator/AirPosture.build/Objects-normal/x86_64/Binary/__preview.dylib

SwiftDriver AirPosture normal arm64 com.apple.xcode.tools.swift.compiler (in target 'AirPosture' from project 'AirPosture')
    cd /Users/keno/Desktop/test/AirPosture
    builtin-SwiftDriver -- /Applications/Xcode.app/Contents/Developer/Toolchains/XcodeDefault.xctoolchain/usr/bin/swiftc -module-name AirPosture -Onone -enforce-exclusivity\=checked @/Users/keno/Library/Developer/Xcode/DerivedData/AirPosture-hblucrykakncqfdzfjlzswinkxaj/Build/Intermediates.noindex/AirPosture.build/Debug-iphonesimulator/AirPosture.build/Objects-normal/arm64/AirPosture.SwiftFileList -DDEBUG -enable-bare-slash-regex -enable-experimental-feature DebugDescriptionMacro -sdk /Applications/Xcode.app/Contents/Developer/Platforms/iPhoneSimulator.platform/Developer/SDKs/iPhoneSimulator26.2.sdk -target arm64-apple-ios15.0-simulator -g -module-cache-path /Users/keno/Library/Developer/Xcode/DerivedData/ModuleCache.noindex -Xfrontend -serialize-debugging-options -enable-testing -index-store-path /Users/keno/Library/Developer/Xcode/DerivedData/AirPosture-hblucrykakncqfdzfjlzswinkxaj/Index.noindex/DataStore -Xcc -D_LIBCPP_HARDENING_MODE\=_LIBCPP_HARDENING_MODE_DEBUG -swift-version 5 -I /Users/keno/Library/Developer/Xcode/DerivedData/AirPosture-hblucrykakncqfdzfjlzswinkxaj/Build/Products/Debug-iphonesimulator -F /Users/keno/Library/Developer/Xcode/DerivedData/AirPosture-hblucrykakncqfdzfjlzswinkxaj/Build/Products/Debug-iphonesimulator -c -j14 -enable-batch-mode -incremental -Xcc -ivfsstatcache -Xcc /Users/keno/Library/Developer/Xcode/DerivedData/SDKStatCaches.noindex/iphonesimulator26.2-23C53-7d00a8b37fbd7999ea79df8ebc024bf0.sdkstatcache -output-file-map /Users/keno/Library/Developer/Xcode/DerivedData/AirPosture-hblucrykakncqfdzfjlzswinkxaj/Build/Intermediates.noindex/AirPosture.build/Debug-iphonesimulator/AirPosture.build/Objects-normal/arm64/AirPosture-OutputFileMap.json -use-frontend-parseable-output -save-temps -no-color-diagnostics -explicit-module-build -module-cache-path /Users/keno/Library/Developer/Xcode/DerivedData/AirPosture-hblucrykakncqfdzfjlzswinkxaj/Build/Intermediates.noindex/SwiftExplicitPrecompiledModules -clang-scanner-module-cache-path /Users/keno/Library/Developer/Xcode/DerivedData/ModuleCache.noindex -sdk-module-cache-path /Users/keno/Library/Developer/Xcode/DerivedData/ModuleCache.noindex -serialize-diagnostics -emit-dependencies -emit-module -emit-module-path /Users/keno/Library/Developer/Xcode/DerivedData/AirPosture-hblucrykakncqfdzfjlzswinkxaj/Build/Intermediates.noindex/AirPosture.build/Debug-iphonesimulator/AirPosture.build/Objects-normal/arm64/AirPosture.swiftmodule -validate-clang-modules-once -clang-build-session-file /Users/keno/Library/Developer/Xcode/DerivedData/ModuleCache.noindex/Session.modulevalidation -Xcc -I/Users/keno/Library/Developer/Xcode/DerivedData/AirPosture-hblucrykakncqfdzfjlzswinkxaj/Build/Intermediates.noindex/AirPosture.build/Debug-iphonesimulator/AirPosture.build/swift-overrides.hmap -emit-const-values -Xfrontend -const-gather-protocols-file -Xfrontend /Users/keno/Library/Developer/Xcode/DerivedData/AirPosture-hblucrykakncqfdzfjlzswinkxaj/Build/Intermediates.noindex/AirPosture.build/Debug-iphonesimulator/AirPosture.build/Objects-normal/arm64/AirPosture_const_extract_protocols.json -Xcc -iquote -Xcc /Users/keno/Library/Developer/Xcode/DerivedData/AirPosture-hblucrykakncqfdzfjlzswinkxaj/Build/Intermediates.noindex/AirPosture.build/Debug-iphonesimulator/AirPosture.build/AirPosture-generated-files.hmap -Xcc -I/Users/keno/Library/Developer/Xcode/DerivedData/AirPosture-hblucrykakncqfdzfjlzswinkxaj/Build/Intermediates.noindex/AirPosture.build/Debug-iphonesimulator/AirPosture.build/AirPosture-own-target-headers.hmap -Xcc -I/Users/keno/Library/Developer/Xcode/DerivedData/AirPosture-hblucrykakncqfdzfjlzswinkxaj/Build/Intermediates.noindex/AirPosture.build/Debug-iphonesimulator/AirPosture.build/AirPosture-all-target-headers.hmap -Xcc -iquote -Xcc /Users/keno/Library/Developer/Xcode/DerivedData/AirPosture-hblucrykakncqfdzfjlzswinkxaj/Build/Intermediates.noindex/AirPosture.build/Debug-iphonesimulator/AirPosture.build/AirPosture-project-headers.hmap -Xcc -I/Users/keno/Library/Developer/Xcode/DerivedData/AirPosture-hblucrykakncqfdzfjlzswinkxaj/Build/Products/Debug-iphonesimulator/include -Xcc -I/Users/keno/Library/Developer/Xcode/DerivedData/AirPosture-hblucrykakncqfdzfjlzswinkxaj/Build/Intermediates.noindex/AirPosture.build/Debug-iphonesimulator/AirPosture.build/DerivedSources-normal/arm64 -Xcc -I/Users/keno/Library/Developer/Xcode/DerivedData/AirPosture-hblucrykakncqfdzfjlzswinkxaj/Build/Intermediates.noindex/AirPosture.build/Debug-iphonesimulator/AirPosture.build/DerivedSources/arm64 -Xcc -I/Users/keno/Library/Developer/Xcode/DerivedData/AirPosture-hblucrykakncqfdzfjlzswinkxaj/Build/Intermediates.noindex/AirPosture.build/Debug-iphonesimulator/AirPosture.build/DerivedSources -Xcc -DDEBUG\=1 -emit-objc-header -emit-objc-header-path /Users/keno/Library/Developer/Xcode/DerivedData/AirPosture-hblucrykakncqfdzfjlzswinkxaj/Build/Intermediates.noindex/AirPosture.build/Debug-iphonesimulator/AirPosture.build/Objects-normal/arm64/AirPosture-Swift.h -working-directory /Users/keno/Desktop/test/AirPosture -experimental-emit-module-separately -disable-cmo

SwiftDriver AirPosture normal x86_64 com.apple.xcode.tools.swift.compiler (in target 'AirPosture' from project 'AirPosture')
    cd /Users/keno/Desktop/test/AirPosture
    builtin-SwiftDriver -- /Applications/Xcode.app/Contents/Developer/Toolchains/XcodeDefault.xctoolchain/usr/bin/swiftc -module-name AirPosture -Onone -enforce-exclusivity\=checked @/Users/keno/Library/Developer/Xcode/DerivedData/AirPosture-hblucrykakncqfdzfjlzswinkxaj/Build/Intermediates.noindex/AirPosture.build/Debug-iphonesimulator/AirPosture.build/Objects-normal/x86_64/AirPosture.SwiftFileList -DDEBUG -enable-bare-slash-regex -enable-experimental-feature DebugDescriptionMacro -sdk /Applications/Xcode.app/Contents/Developer/Platforms/iPhoneSimulator.platform/Developer/SDKs/iPhoneSimulator26.2.sdk -target x86_64-apple-ios15.0-simulator -g -module-cache-path /Users/keno/Library/Developer/Xcode/DerivedData/ModuleCache.noindex -Xfrontend -serialize-debugging-options -enable-testing -index-store-path /Users/keno/Library/Developer/Xcode/DerivedData/AirPosture-hblucrykakncqfdzfjlzswinkxaj/Index.noindex/DataStore -Xcc -D_LIBCPP_HARDENING_MODE\=_LIBCPP_HARDENING_MODE_DEBUG -swift-version 5 -I /Users/keno/Library/Developer/Xcode/DerivedData/AirPosture-hblucrykakncqfdzfjlzswinkxaj/Build/Products/Debug-iphonesimulator -F /Users/keno/Library/Developer/Xcode/DerivedData/AirPosture-hblucrykakncqfdzfjlzswinkxaj/Build/Products/Debug-iphonesimulator -c -j14 -enable-batch-mode -incremental -Xcc -ivfsstatcache -Xcc /Users/keno/Library/Developer/Xcode/DerivedData/SDKStatCaches.noindex/iphonesimulator26.2-23C53-7d00a8b37fbd7999ea79df8ebc024bf0.sdkstatcache -output-file-map /Users/keno/Library/Developer/Xcode/DerivedData/AirPosture-hblucrykakncqfdzfjlzswinkxaj/Build/Intermediates.noindex/AirPosture.build/Debug-iphonesimulator/AirPosture.build/Objects-normal/x86_64/AirPosture-OutputFileMap.json -use-frontend-parseable-output -save-temps -no-color-diagnostics -explicit-module-build -module-cache-path /Users/keno/Library/Developer/Xcode/DerivedData/AirPosture-hblucrykakncqfdzfjlzswinkxaj/Build/Intermediates.noindex/SwiftExplicitPrecompiledModules -clang-scanner-module-cache-path /Users/keno/Library/Developer/Xcode/DerivedData/ModuleCache.noindex -sdk-module-cache-path /Users/keno/Library/Developer/Xcode/DerivedData/ModuleCache.noindex -serialize-diagnostics -emit-dependencies -emit-module -emit-module-path /Users/keno/Library/Developer/Xcode/DerivedData/AirPosture-hblucrykakncqfdzfjlzswinkxaj/Build/Intermediates.noindex/AirPosture.build/Debug-iphonesimulator/AirPosture.build/Objects-normal/x86_64/AirPosture.swiftmodule -validate-clang-modules-once -clang-build-session-file /Users/keno/Library/Developer/Xcode/DerivedData/ModuleCache.noindex/Session.modulevalidation -Xcc -I/Users/keno/Library/Developer/Xcode/DerivedData/AirPosture-hblucrykakncqfdzfjlzswinkxaj/Build/Intermediates.noindex/AirPosture.build/Debug-iphonesimulator/AirPosture.build/swift-overrides.hmap -emit-const-values -Xfrontend -const-gather-protocols-file -Xfrontend /Users/keno/Library/Developer/Xcode/DerivedData/AirPosture-hblucrykakncqfdzfjlzswinkxaj/Build/Intermediates.noindex/AirPosture.build/Debug-iphonesimulator/AirPosture.build/Objects-normal/x86_64/AirPosture_const_extract_protocols.json -Xcc -iquote -Xcc /Users/keno/Library/Developer/Xcode/DerivedData/AirPosture-hblucrykakncqfdzfjlzswinkxaj/Build/Intermediates.noindex/AirPosture.build/Debug-iphonesimulator/AirPosture.build/AirPosture-generated-files.hmap -Xcc -I/Users/keno/Library/Developer/Xcode/DerivedData/AirPosture-hblucrykakncqfdzfjlzswinkxaj/Build/Intermediates.noindex/AirPosture.build/Debug-iphonesimulator/AirPosture.build/AirPosture-own-target-headers.hmap -Xcc -I/Users/keno/Library/Developer/Xcode/DerivedData/AirPosture-hblucrykakncqfdzfjlzswinkxaj/Build/Intermediates.noindex/AirPosture.build/Debug-iphonesimulator/AirPosture.build/AirPosture-all-target-headers.hmap -Xcc -iquote -Xcc /Users/keno/Library/Developer/Xcode/DerivedData/AirPosture-hblucrykakncqfdzfjlzswinkxaj/Build/Intermediates.noindex/AirPosture.build/Debug-iphonesimulator/AirPosture.build/AirPosture-project-headers.hmap -Xcc -I/Users/keno/Library/Developer/Xcode/DerivedData/AirPosture-hblucrykakncqfdzfjlzswinkxaj/Build/Products/Debug-iphonesimulator/include -Xcc -I/Users/keno/Library/Developer/Xcode/DerivedData/AirPosture-hblucrykakncqfdzfjlzswinkxaj/Build/Intermediates.noindex/AirPosture.build/Debug-iphonesimulator/AirPosture.build/DerivedSources-normal/x86_64 -Xcc -I/Users/keno/Library/Developer/Xcode/DerivedData/AirPosture-hblucrykakncqfdzfjlzswinkxaj/Build/Intermediates.noindex/AirPosture.build/Debug-iphonesimulator/AirPosture.build/DerivedSources/x86_64 -Xcc -I/Users/keno/Library/Developer/Xcode/DerivedData/AirPosture-hblucrykakncqfdzfjlzswinkxaj/Build/Intermediates.noindex/AirPosture.build/Debug-iphonesimulator/AirPosture.build/DerivedSources -Xcc -DDEBUG\=1 -emit-objc-header -emit-objc-header-path /Users/keno/Library/Developer/Xcode/DerivedData/AirPosture-hblucrykakncqfdzfjlzswinkxaj/Build/Intermediates.noindex/AirPosture.build/Debug-iphonesimulator/AirPosture.build/Objects-normal/x86_64/AirPosture-Swift.h -working-directory /Users/keno/Desktop/test/AirPosture -experimental-emit-module-separately -disable-cmo

CreateUniversalBinary /Users/keno/Library/Developer/Xcode/DerivedData/AirPosture-hblucrykakncqfdzfjlzswinkxaj/Build/Products/Debug-iphonesimulator/AirPosture.app/__preview.dylib normal arm64\ x86_64 (in target 'AirPosture' from project 'AirPosture')
    cd /Users/keno/Desktop/test/AirPosture
    /Applications/Xcode.app/Contents/Developer/Toolchains/XcodeDefault.xctoolchain/usr/bin/lipo -create /Users/keno/Library/Developer/Xcode/DerivedData/AirPosture-hblucrykakncqfdzfjlzswinkxaj/Build/Intermediates.noindex/AirPosture.build/Debug-iphonesimulator/AirPosture.build/Objects-normal/arm64/Binary/__preview.dylib /Users/keno/Library/Developer/Xcode/DerivedData/AirPosture-hblucrykakncqfdzfjlzswinkxaj/Build/Intermediates.noindex/AirPosture.build/Debug-iphonesimulator/AirPosture.build/Objects-normal/x86_64/Binary/__preview.dylib -output /Users/keno/Library/Developer/Xcode/DerivedData/AirPosture-hblucrykakncqfdzfjlzswinkxaj/Build/Products/Debug-iphonesimulator/AirPosture.app/__preview.dylib

SwiftExplicitDependencyGeneratePcm x86_64 /Users/keno/Library/Developer/Xcode/DerivedData/ModuleCache.noindex/sys_types-7YFKII6VCC3AF9XVMBQBLQY3.pcm

SwiftExplicitDependencyGeneratePcm x86_64 /Users/keno/Library/Developer/Xcode/DerivedData/ModuleCache.noindex/_Builtin_tgmath-2G7P5511I5YPND50O0OLY11WV.pcm

SwiftExplicitDependencyGeneratePcm x86_64 /Users/keno/Library/Developer/Xcode/DerivedData/ModuleCache.noindex/_Builtin_stdint-9FODWIBXMHVUVTCTXCYDUP6WU.pcm

SwiftCompile normal arm64 Compiling\ AirPostureApp.swift /Users/keno/Desktop/test/AirPosture/AirPosture/AirPostureApp.swift (in target 'AirPosture' from project 'AirPosture')
SwiftCompile normal arm64 /Users/keno/Desktop/test/AirPosture/AirPosture/AirPostureApp.swift (in target 'AirPosture' from project 'AirPosture')
    cd /Users/keno/Desktop/test/AirPosture
    

SwiftEmitModule normal arm64 Emitting\ module\ for\ AirPosture (in target 'AirPosture' from project 'AirPosture')

EmitSwiftModule normal arm64 (in target 'AirPosture' from project 'AirPosture')
    cd /Users/keno/Desktop/test/AirPosture
    

SwiftCompile normal arm64 Compiling\ AudioManager.swift /Users/keno/Desktop/test/AirPosture/AirPosture/AudioManager.swift (in target 'AirPosture' from project 'AirPosture')
SwiftCompile normal arm64 /Users/keno/Desktop/test/AirPosture/AirPosture/AudioManager.swift (in target 'AirPosture' from project 'AirPosture')
    cd /Users/keno/Desktop/test/AirPosture
    

SwiftCompile normal arm64 Compiling\ ContentView.swift /Users/keno/Desktop/test/AirPosture/AirPosture/ContentView.swift (in target 'AirPosture' from project 'AirPosture')
Failed frontend command:
/Applications/Xcode.app/Contents/Developer/Toolchains/XcodeDefault.xctoolchain/usr/bin/swift-frontend -frontend -c /Users/keno/Desktop/test/AirPosture/AirPosture/AirPostureApp.swift /Users/keno/Desktop/test/AirPosture/AirPosture/AudioManager.swift -primary-file /Users/keno/Desktop/test/AirPosture/AirPosture/ContentView.swift /Users/keno/Desktop/test/AirPosture/AirPosture/HeadphoneMotionManager.swift -emit-dependencies-path /Users/keno/Library/Developer/Xcode/DerivedData/AirPosture-hblucrykakncqfdzfjlzswinkxaj/Build/Intermediates.noindex/AirPosture.build/Debug-iphonesimulator/AirPosture.build/Objects-normal/arm64/ContentView.d -emit-const-values-path /Users/keno/Library/Developer/Xcode/DerivedData/AirPosture-hblucrykakncqfdzfjlzswinkxaj/Build/Intermediates.noindex/AirPosture.build/Debug-iphonesimulator/AirPosture.build/Objects-normal/arm64/ContentView.swiftconstvalues -emit-reference-dependencies-path /Users/keno/Library/Developer/Xcode/DerivedData/AirPosture-hblucrykakncqfdzfjlzswinkxaj/Build/Intermediates.noindex/AirPosture.build/Debug-iphonesimulator/AirPosture.build/Objects-normal/arm64/ContentView.swiftdeps -serialize-diagnostics-path /Users/keno/Library/Developer/Xcode/DerivedData/AirPosture-hblucrykakncqfdzfjlzswinkxaj/Build/Intermediates.noindex/AirPosture.build/Debug-iphonesimulator/AirPosture.build/Objects-normal/arm64/ContentView.dia -target arm64-apple-ios15.0-simulator -load-resolved-plugin /Applications/Xcode.app/Contents/Developer/Platforms/iPhoneOS.platform/Developer/usr/lib/swift/host/plugins/libFoundationMacros.dylib\#/Applications/Xcode.app/Contents/Developer/Platforms/iPhoneOS.platform/Developer/usr/bin/swift-plugin-server\#FoundationMacros -load-resolved-plugin /Applications/Xcode.app/Contents/Developer/Platforms/iPhoneOS.platform/Developer/usr/lib/swift/host/plugins/libObservationMacros.dylib\#/Applications/Xcode.app/Contents/Developer/Platforms/iPhoneOS.platform/Developer/usr/bin/swift-plugin-server\#ObservationMacros -load-resolved-plugin /Applications/Xcode.app/Contents/Developer/Platforms/iPhoneOS.platform/Developer/usr/lib/swift/host/plugins/libPreviewsMacros.dylib\#/Applications/Xcode.app/Contents/Developer/Platforms/iPhoneOS.platform/Developer/usr/bin/swift-plugin-server\#PreviewsMacros -load-resolved-plugin /Applications/Xcode.app/Contents/Developer/Platforms/iPhoneOS.platform/Developer/usr/lib/swift/host/plugins/libSwiftMacros.dylib\#/Applications/Xcode.app/Contents/Developer/Platforms/iPhoneOS.platform/Developer/usr/bin/swift-plugin-server\#SwiftMacros -load-resolved-plugin /Applications/Xcode.app/Contents/Developer/Platforms/iPhoneOS.platform/Developer/usr/lib/swift/host/plugins/libSwiftUIMacros.dylib\#/Applications/Xcode.app/Contents/Developer/Platforms/iPhoneOS.platform/Developer/usr/bin/swift-plugin-server\#SwiftUIMacros -disable-implicit-swift-modules -Xcc -fno-implicit-modules -Xcc -fno-implicit-module-maps -explicit-swift-module-map-file /Users/keno/Library/Developer/Xcode/DerivedData/AirPosture-hblucrykakncqfdzfjlzswinkxaj/Build/Intermediates.noindex/AirPosture.build/Debug-iphonesimulator/AirPosture.build/Objects-normal/arm64/AirPosture-dependencies-2.json -Xllvm -aarch64-use-tbi -enable-objc-interop -sdk /Applications/Xcode.app/Contents/Developer/Platforms/iPhoneSimulator.platform/Developer/SDKs/iPhoneSimulator26.2.sdk -I /Users/keno/Library/Developer/Xcode/DerivedData/AirPosture-hblucrykakncqfdzfjlzswinkxaj/Build/Products/Debug-iphonesimulator -F /Users/keno/Library/Developer/Xcode/DerivedData/AirPosture-hblucrykakncqfdzfjlzswinkxaj/Build/Products/Debug-iphonesimulator -no-color-diagnostics -Xcc -fno-color-diagnostics -enable-testing -g -debug-info-format\=dwarf -dwarf-version\=4 -module-cache-path /Users/keno/Library/Developer/Xcode/DerivedData/AirPosture-hblucrykakncqfdzfjlzswinkxaj/Build/Intermediates.noindex/SwiftExplicitPrecompiledModules -swift-version 5 -enforce-exclusivity\=checked -Onone -D DEBUG -serialize-debugging-options -const-gather-protocols-file /Users/keno/Library/Developer/Xcode/DerivedData/AirPosture-hblucrykakncqfdzfjlzswinkxaj/Build/Intermediates.noindex/AirPosture.build/Debug-iphonesimulator/AirPosture.build/Objects-normal/arm64/AirPosture_const_extract_protocols.json -enable-experimental-feature DebugDescriptionMacro -enable-bare-slash-regex -empty-abi-descriptor -validate-clang-modules-once -clang-build-session-file /Users/keno/Library/Developer/Xcode/DerivedData/ModuleCache.noindex/Session.modulevalidation -Xcc -working-directory -Xcc /Users/keno/Desktop/test/AirPosture -enable-anonymous-context-mangled-names -file-compilation-dir /Users/keno/Desktop/test/AirPosture -Xcc -D_LIBCPP_HARDENING_MODE\=_LIBCPP_HARDENING_MODE_DEBUG -Xcc -ivfsstatcache -Xcc /Users/keno/Library/Developer/Xcode/DerivedData/SDKStatCaches.noindex/iphonesimulator26.2-23C53-7d00a8b37fbd7999ea79df8ebc024bf0.sdkstatcache -Xcc -I/Users/keno/Library/Developer/Xcode/DerivedData/AirPosture-hblucrykakncqfdzfjlzswinkxaj/Build/Intermediates.noindex/AirPosture.build/Debug-iphonesimulator/AirPosture.build/swift-overrides.hmap -Xcc -iquote -Xcc /Users/keno/Library/Developer/Xcode/DerivedData/AirPosture-hblucrykakncqfdzfjlzswinkxaj/Build/Intermediates.noindex/AirPosture.build/Debug-iphonesimulator/AirPosture.build/AirPosture-generated-files.hmap -Xcc -I/Users/keno/Library/Developer/Xcode/DerivedData/AirPosture-hblucrykakncqfdzfjlzswinkxaj/Build/Intermediates.noindex/AirPosture.build/Debug-iphonesimulator/AirPosture.build/AirPosture-own-target-headers.hmap -Xcc -I/Users/keno/Library/Developer/Xcode/DerivedData/AirPosture-hblucrykakncqfdzfjlzswinkxaj/Build/Intermediates.noindex/AirPosture.build/Debug-iphonesimulator/AirPosture.build/AirPosture-all-target-headers.hmap -Xcc -iquote -Xcc /Users/keno/Library/Developer/Xcode/DerivedData/AirPosture-hblucrykakncqfdzfjlzswinkxaj/Build/Intermediates.noindex/AirPosture.build/Debug-iphonesimulator/AirPosture.build/AirPosture-project-headers.hmap -Xcc -I/Users/keno/Library/Developer/Xcode/DerivedData/AirPosture-hblucrykakncqfdzfjlzswinkxaj/Build/Products/Debug-iphonesimulator/include -Xcc -I/Users/keno/Library/Developer/Xcode/DerivedData/AirPosture-hblucrykakncqfdzfjlzswinkxaj/Build/Intermediates.noindex/AirPosture.build/Debug-iphonesimulator/AirPosture.build/DerivedSources-normal/arm64 -Xcc -I/Users/keno/Library/Developer/Xcode/DerivedData/AirPosture-hblucrykakncqfdzfjlzswinkxaj/Build/Intermediates.noindex/AirPosture.build/Debug-iphonesimulator/AirPosture.build/DerivedSources/arm64 -Xcc -I/Users/keno/Library/Developer/Xcode/DerivedData/AirPosture-hblucrykakncqfdzfjlzswinkxaj/Build/Intermediates.noindex/AirPosture.build/Debug-iphonesimulator/AirPosture.build/DerivedSources -Xcc -DDEBUG\=1 -no-auto-bridging-header-chaining -module-name AirPosture -frontend-parseable-output -disable-clang-spi -target-sdk-version 26.2 -target-sdk-name iphonesimulator26.2 -clang-target arm64-apple-ios26.2-simulator -in-process-plugin-server-path /Applications/Xcode.app/Contents/Developer/Toolchains/XcodeDefault.xctoolchain/usr/lib/swift/host/libSwiftInProcPluginServer.dylib -o /Users/keno/Library/Developer/Xcode/DerivedData/AirPosture-hblucrykakncqfdzfjlzswinkxaj/Build/Intermediates.noindex/AirPosture.build/Debug-iphonesimulator/AirPosture.build/Objects-normal/arm64/ContentView.o -index-unit-output-path /AirPosture.build/Debug-iphonesimulator/AirPosture.build/Objects-normal/arm64/ContentView.o -index-store-path /Users/keno/Library/Developer/Xcode/DerivedData/AirPosture-hblucrykakncqfdzfjlzswinkxaj/Index.noindex/DataStore -index-system-modules

SwiftCompile normal arm64 /Users/keno/Desktop/test/AirPosture/AirPosture/ContentView.swift (in target 'AirPosture' from project 'AirPosture')
    cd /Users/keno/Desktop/test/AirPosture
    
/Users/keno/Desktop/test/AirPosture/AirPosture/ContentView.swift:115:22: error: cannot call value of non-function type 'Binding<Subject>'
        audioManager.stopSilentLoop()
                     ^             ~~
                                   
/Users/keno/Desktop/test/AirPosture/AirPosture/ContentView.swift:115:22: error: value of type 'AudioManager' has no dynamic member 'stopSilentLoop' using key path from root type 'AudioManager'
        audioManager.stopSilentLoop()
        ~~~~~~~~~~~~ ^~~~~~~~~~~~~~
/Users/keno/Desktop/test/AirPosture/AirPosture/ContentView.swift:115:9: error: referencing subscript 'subscript(dynamicMember:)' requires wrapper 'EnvironmentObject<AudioManager>.Wrapper'
        audioManager.stopSilentLoop()
        ^
        $
/Users/keno/Desktop/test/AirPosture/AirPosture/ContentView.swift:119:22: error: cannot call value of non-function type 'Binding<Subject>'
        audioManager.startSilentLoop()
                     ^              ~~
                                    
/Users/keno/Desktop/test/AirPosture/AirPosture/ContentView.swift:119:22: error: value of type 'AudioManager' has no dynamic member 'startSilentLoop' using key path from root type 'AudioManager'
        audioManager.startSilentLoop()
        ~~~~~~~~~~~~ ^~~~~~~~~~~~~~~
/Users/keno/Desktop/test/AirPosture/AirPosture/ContentView.swift:119:9: error: referencing subscript 'subscript(dynamicMember:)' requires wrapper 'EnvironmentObject<AudioManager>.Wrapper'
        audioManager.startSilentLoop()
        ^
        $

SwiftCompile normal arm64 Compiling\ HeadphoneMotionManager.swift /Users/keno/Desktop/test/AirPosture/AirPosture/HeadphoneMotionManager.swift (in target 'AirPosture' from project 'AirPosture')

SwiftCompile normal arm64 /Users/keno/Desktop/test/AirPosture/AirPosture/HeadphoneMotionManager.swift (in target 'AirPosture' from project 'AirPosture')
    cd /Users/keno/Desktop/test/AirPosture
    

SwiftExplicitDependencyGeneratePcm x86_64 /Users/keno/Library/Developer/Xcode/DerivedData/ModuleCache.noindex/_DarwinFoundation3-1YGRHX3AQB5P2C8LJP8RR5AUI.pcm

SwiftExplicitDependencyGeneratePcm x86_64 /Users/keno/Library/Developer/Xcode/DerivedData/ModuleCache.noindex/_Builtin_stdatomic-DUU6BVVLFHV9LTNQ01XTMVXBQ.pcm

SwiftExplicitDependencyGeneratePcm x86_64 /Users/keno/Library/Developer/Xcode/DerivedData/ModuleCache.noindex/_Builtin_inttypes-3SPZGWL8MYH4ZNG9DABES8A.pcm

SwiftExplicitDependencyGeneratePcm x86_64 /Users/keno/Library/Developer/Xcode/DerivedData/ModuleCache.noindex/_Builtin_intrinsics-4RE1TTUJQRPXEO1PSGLNEPO5.pcm

SwiftDriverJobDiscovery normal arm64 Emitting module for AirPosture (in target 'AirPosture' from project 'AirPosture')

SwiftDriver\ Compilation\ Requirements AirPosture normal arm64 com.apple.xcode.tools.swift.compiler (in target 'AirPosture' from project 'AirPosture')
    cd /Users/keno/Desktop/test/AirPosture
    builtin-Swift-Compilation-Requirements -- /Applications/Xcode.app/Contents/Developer/Toolchains/XcodeDefault.xctoolchain/usr/bin/swiftc -module-name AirPosture -Onone -enforce-exclusivity\=checked @/Users/keno/Library/Developer/Xcode/DerivedData/AirPosture-hblucrykakncqfdzfjlzswinkxaj/Build/Intermediates.noindex/AirPosture.build/Debug-iphonesimulator/AirPosture.build/Objects-normal/arm64/AirPosture.SwiftFileList -DDEBUG -enable-bare-slash-regex -enable-experimental-feature DebugDescriptionMacro -sdk /Applications/Xcode.app/Contents/Developer/Platforms/iPhoneSimulator.platform/Developer/SDKs/iPhoneSimulator26.2.sdk -target arm64-apple-ios15.0-simulator -g -module-cache-path /Users/keno/Library/Developer/Xcode/DerivedData/ModuleCache.noindex -Xfrontend -serialize-debugging-options -enable-testing -index-store-path /Users/keno/Library/Developer/Xcode/DerivedData/AirPosture-hblucrykakncqfdzfjlzswinkxaj/Index.noindex/DataStore -Xcc -D_LIBCPP_HARDENING_MODE\=_LIBCPP_HARDENING_MODE_DEBUG -swift-version 5 -I /Users/keno/Library/Developer/Xcode/DerivedData/AirPosture-hblucrykakncqfdzfjlzswinkxaj/Build/Products/Debug-iphonesimulator -F /Users/keno/Library/Developer/Xcode/DerivedData/AirPosture-hblucrykakncqfdzfjlzswinkxaj/Build/Products/Debug-iphonesimulator -c -j14 -enable-batch-mode -incremental -Xcc -ivfsstatcache -Xcc /Users/keno/Library/Developer/Xcode/DerivedData/SDKStatCaches.noindex/iphonesimulator26.2-23C53-7d00a8b37fbd7999ea79df8ebc024bf0.sdkstatcache -output-file-map /Users/keno/Library/Developer/Xcode/DerivedData/AirPosture-hblucrykakncqfdzfjlzswinkxaj/Build/Intermediates.noindex/AirPosture.build/Debug-iphonesimulator/AirPosture.build/Objects-normal/arm64/AirPosture-OutputFileMap.json -use-frontend-parseable-output -save-temps -no-color-diagnostics -explicit-module-build -module-cache-path /Users/keno/Library/Developer/Xcode/DerivedData/AirPosture-hblucrykakncqfdzfjlzswinkxaj/Build/Intermediates.noindex/SwiftExplicitPrecompiledModules -clang-scanner-module-cache-path /Users/keno/Library/Developer/Xcode/DerivedData/ModuleCache.noindex -sdk-module-cache-path /Users/keno/Library/Developer/Xcode/DerivedData/ModuleCache.noindex -serialize-diagnostics -emit-dependencies -emit-module -emit-module-path /Users/keno/Library/Developer/Xcode/DerivedData/AirPosture-hblucrykakncqfdzfjlzswinkxaj/Build/Intermediates.noindex/AirPosture.build/Debug-iphonesimulator/AirPosture.build/Objects-normal/arm64/AirPosture.swiftmodule -validate-clang-modules-once -clang-build-session-file /Users/keno/Library/Developer/Xcode/DerivedData/ModuleCache.noindex/Session.modulevalidation -Xcc -I/Users/keno/Library/Developer/Xcode/DerivedData/AirPosture-hblucrykakncqfdzfjlzswinkxaj/Build/Intermediates.noindex/AirPosture.build/Debug-iphonesimulator/AirPosture.build/swift-overrides.hmap -emit-const-values -Xfrontend -const-gather-protocols-file -Xfrontend /Users/keno/Library/Developer/Xcode/DerivedData/AirPosture-hblucrykakncqfdzfjlzswinkxaj/Build/Intermediates.noindex/AirPosture.build/Debug-iphonesimulator/AirPosture.build/Objects-normal/arm64/AirPosture_const_extract_protocols.json -Xcc -iquote -Xcc /Users/keno/Library/Developer/Xcode/DerivedData/AirPosture-hblucrykakncqfdzfjlzswinkxaj/Build/Intermediates.noindex/AirPosture.build/Debug-iphonesimulator/AirPosture.build/AirPosture-generated-files.hmap -Xcc -I/Users/keno/Library/Developer/Xcode/DerivedData/AirPosture-hblucrykakncqfdzfjlzswinkxaj/Build/Intermediates.noindex/AirPosture.build/Debug-iphonesimulator/AirPosture.build/AirPosture-own-target-headers.hmap -Xcc -I/Users/keno/Library/Developer/Xcode/DerivedData/AirPosture-hblucrykakncqfdzfjlzswinkxaj/Build/Intermediates.noindex/AirPosture.build/Debug-iphonesimulator/AirPosture.build/AirPosture-all-target-headers.hmap -Xcc -iquote -Xcc /Users/keno/Library/Developer/Xcode/DerivedData/AirPosture-hblucrykakncqfdzfjlzswinkxaj/Build/Intermediates.noindex/AirPosture.build/Debug-iphonesimulator/AirPosture.build/AirPosture-project-headers.hmap -Xcc -I/Users/keno/Library/Developer/Xcode/DerivedData/AirPosture-hblucrykakncqfdzfjlzswinkxaj/Build/Products/Debug-iphonesimulator/include -Xcc -I/Users/keno/Library/Developer/Xcode/DerivedData/AirPosture-hblucrykakncqfdzfjlzswinkxaj/Build/Intermediates.noindex/AirPosture.build/Debug-iphonesimulator/AirPosture.build/DerivedSources-normal/arm64 -Xcc -I/Users/keno/Library/Developer/Xcode/DerivedData/AirPosture-hblucrykakncqfdzfjlzswinkxaj/Build/Intermediates.noindex/AirPosture.build/Debug-iphonesimulator/AirPosture.build/DerivedSources/arm64 -Xcc -I/Users/keno/Library/Developer/Xcode/DerivedData/AirPosture-hblucrykakncqfdzfjlzswinkxaj/Build/Intermediates.noindex/AirPosture.build/Debug-iphonesimulator/AirPosture.build/DerivedSources -Xcc -DDEBUG\=1 -emit-objc-header -emit-objc-header-path /Users/keno/Library/Developer/Xcode/DerivedData/AirPosture-hblucrykakncqfdzfjlzswinkxaj/Build/Intermediates.noindex/AirPosture.build/Debug-iphonesimulator/AirPosture.build/Objects-normal/arm64/AirPosture-Swift.h -working-directory /Users/keno/Desktop/test/AirPosture -experimental-emit-module-separately -disable-cmo

Copy /Users/keno/Library/Developer/Xcode/DerivedData/AirPosture-hblucrykakncqfdzfjlzswinkxaj/Build/Products/Debug-iphonesimulator/AirPosture.swiftmodule/arm64-apple-ios-simulator.swiftdoc /Users/keno/Library/Developer/Xcode/DerivedData/AirPosture-hblucrykakncqfdzfjlzswinkxaj/Build/Intermediates.noindex/AirPosture.build/Debug-iphonesimulator/AirPosture.build/Objects-normal/arm64/AirPosture.swiftdoc (in target 'AirPosture' from project 'AirPosture')
    cd /Users/keno/Desktop/test/AirPosture
    builtin-copy -exclude .DS_Store -exclude CVS -exclude .svn -exclude .git -exclude .hg -resolve-src-symlinks -rename /Users/keno/Library/Developer/Xcode/DerivedData/AirPosture-hblucrykakncqfdzfjlzswinkxaj/Build/Intermediates.noindex/AirPosture.build/Debug-iphonesimulator/AirPosture.build/Objects-normal/arm64/AirPosture.swiftdoc /Users/keno/Library/Developer/Xcode/DerivedData/AirPosture-hblucrykakncqfdzfjlzswinkxaj/Build/Products/Debug-iphonesimulator/AirPosture.swiftmodule/arm64-apple-ios-simulator.swiftdoc

Copy /Users/keno/Library/Developer/Xcode/DerivedData/AirPosture-hblucrykakncqfdzfjlzswinkxaj/Build/Products/Debug-iphonesimulator/AirPosture.swiftmodule/arm64-apple-ios-simulator.swiftmodule /Users/keno/Library/Developer/Xcode/DerivedData/AirPosture-hblucrykakncqfdzfjlzswinkxaj/Build/Intermediates.noindex/AirPosture.build/Debug-iphonesimulator/AirPosture.build/Objects-normal/arm64/AirPosture.swiftmodule (in target 'AirPosture' from project 'AirPosture')
    cd /Users/keno/Desktop/test/AirPosture
    builtin-copy -exclude .DS_Store -exclude CVS -exclude .svn -exclude .git -exclude .hg -resolve-src-symlinks -rename /Users/keno/Library/Developer/Xcode/DerivedData/AirPosture-hblucrykakncqfdzfjlzswinkxaj/Build/Intermediates.noindex/AirPosture.build/Debug-iphonesimulator/AirPosture.build/Objects-normal/arm64/AirPosture.swiftmodule /Users/keno/Library/Developer/Xcode/DerivedData/AirPosture-hblucrykakncqfdzfjlzswinkxaj/Build/Products/Debug-iphonesimulator/AirPosture.swiftmodule/arm64-apple-ios-simulator.swiftmodule

Copy /Users/keno/Library/Developer/Xcode/DerivedData/AirPosture-hblucrykakncqfdzfjlzswinkxaj/Build/Products/Debug-iphonesimulator/AirPosture.swiftmodule/arm64-apple-ios-simulator.abi.json /Users/keno/Library/Developer/Xcode/DerivedData/AirPosture-hblucrykakncqfdzfjlzswinkxaj/Build/Intermediates.noindex/AirPosture.build/Debug-iphonesimulator/AirPosture.build/Objects-normal/arm64/AirPosture.abi.json (in target 'AirPosture' from project 'AirPosture')
    cd /Users/keno/Desktop/test/AirPosture
    builtin-copy -exclude .DS_Store -exclude CVS -exclude .svn -exclude .git -exclude .hg -resolve-src-symlinks -rename /Users/keno/Library/Developer/Xcode/DerivedData/AirPosture-hblucrykakncqfdzfjlzswinkxaj/Build/Intermediates.noindex/AirPosture.build/Debug-iphonesimulator/AirPosture.build/Objects-normal/arm64/AirPosture.abi.json /Users/keno/Library/Developer/Xcode/DerivedData/AirPosture-hblucrykakncqfdzfjlzswinkxaj/Build/Products/Debug-iphonesimulator/AirPosture.swiftmodule/arm64-apple-ios-simulator.abi.json

Copy /Users/keno/Library/Developer/Xcode/DerivedData/AirPosture-hblucrykakncqfdzfjlzswinkxaj/Build/Products/Debug-iphonesimulator/AirPosture.swiftmodule/Project/arm64-apple-ios-simulator.swiftsourceinfo /Users/keno/Library/Developer/Xcode/DerivedData/AirPosture-hblucrykakncqfdzfjlzswinkxaj/Build/Intermediates.noindex/AirPosture.build/Debug-iphonesimulator/AirPosture.build/Objects-normal/arm64/AirPosture.swiftsourceinfo (in target 'AirPosture' from project 'AirPosture')
    cd /Users/keno/Desktop/test/AirPosture
    builtin-copy -exclude .DS_Store -exclude CVS -exclude .svn -exclude .git -exclude .hg -resolve-src-symlinks -rename /Users/keno/Library/Developer/Xcode/DerivedData/AirPosture-hblucrykakncqfdzfjlzswinkxaj/Build/Intermediates.noindex/AirPosture.build/Debug-iphonesimulator/AirPosture.build/Objects-normal/arm64/AirPosture.swiftsourceinfo /Users/keno/Library/Developer/Xcode/DerivedData/AirPosture-hblucrykakncqfdzfjlzswinkxaj/Build/Products/Debug-iphonesimulator/AirPosture.swiftmodule/Project/arm64-apple-ios-simulator.swiftsourceinfo

SwiftDriverJobDiscovery normal arm64 Compiling AirPostureApp.swift (in target 'AirPosture' from project 'AirPosture')

SwiftExplicitDependencyGeneratePcm x86_64 /Users/keno/Library/Developer/Xcode/DerivedData/ModuleCache.noindex/Darwin-1NUGV637PBAHRGTVENZPG85ZO.pcm

** BUILD FAILED **


The following build commands failed:
	SwiftCompile normal arm64 Compiling\ ContentView.swift /Users/keno/Desktop/test/AirPosture/AirPosture/ContentView.swift (in target 'AirPosture' from project 'AirPosture')
	SwiftCompile normal arm64 /Users/keno/Desktop/test/AirPosture/AirPosture/ContentView.swift (in target 'AirPosture' from project 'AirPosture')
	Building project AirPosture with scheme AirPosture
(3 failures)
